<?xml version="1.0" encoding="UTF-8"?>
<testsuite xmlns:xsi="http://www.w3.org/2001/XMLSchema-instance" xsi:noNamespaceSchemaLocation="https://maven.apache.org/surefire/maven-surefire-plugin/xsd/surefire-test-report-3.0.xsd" version="3.0" name="TestSuite" time="60.769" tests="6" errors="0" skipped="5" failures="1">
  <properties>
    <property name="sun.desktop" value="windows"/>
    <property name="awt.toolkit" value="sun.awt.windows.WToolkit"/>
    <property name="java.specification.version" value="11"/>
    <property name="sun.cpu.isalist" value="amd64"/>
    <property name="sun.jnu.encoding" value="Cp1252"/>
    <property name="java.class.path" value="E:\eclipse-workspace\Hospital\target\test-classes;E:\eclipse-workspace\Hospital\target\classes;C:\Users\Ajith\.m2\repository\org\apache\maven\maven-plugin-api\3.6.3\maven-plugin-api-3.6.3.jar;C:\Users\Ajith\.m2\repository\org\apache\maven\maven-model\3.6.3\maven-model-3.6.3.jar;C:\Users\Ajith\.m2\repository\org\apache\maven\maven-artifact\3.6.3\maven-artifact-3.6.3.jar;C:\Users\Ajith\.m2\repository\org\apache\commons\commons-lang3\3.8.1\commons-lang3-3.8.1.jar;C:\Users\Ajith\.m2\repository\org\eclipse\sisu\org.eclipse.sisu.plexus\0.3.4\org.eclipse.sisu.plexus-0.3.4.jar;C:\Users\Ajith\.m2\repository\javax\enterprise\cdi-api\1.0\cdi-api-1.0.jar;C:\Users\Ajith\.m2\repository\javax\annotation\jsr250-api\1.0\jsr250-api-1.0.jar;C:\Users\Ajith\.m2\repository\javax\inject\javax.inject\1\javax.inject-1.jar;C:\Users\Ajith\.m2\repository\org\eclipse\sisu\org.eclipse.sisu.inject\0.3.4\org.eclipse.sisu.inject-0.3.4.jar;C:\Users\Ajith\.m2\repository\org\codehaus\plexus\plexus-component-annotations\1.5.5\plexus-component-annotations-1.5.5.jar;C:\Users\Ajith\.m2\repository\org\codehaus\plexus\plexus-utils\3.2.1\plexus-utils-3.2.1.jar;C:\Users\Ajith\.m2\repository\org\codehaus\plexus\plexus-classworlds\2.6.0\plexus-classworlds-2.6.0.jar;C:\Users\Ajith\.m2\repository\org\seleniumhq\selenium\selenium-java\3.141.59\selenium-java-3.141.59.jar;C:\Users\Ajith\.m2\repository\org\seleniumhq\selenium\selenium-api\3.141.59\selenium-api-3.141.59.jar;C:\Users\Ajith\.m2\repository\org\seleniumhq\selenium\selenium-chrome-driver\3.141.59\selenium-chrome-driver-3.141.59.jar;C:\Users\Ajith\.m2\repository\org\seleniumhq\selenium\selenium-edge-driver\3.141.59\selenium-edge-driver-3.141.59.jar;C:\Users\Ajith\.m2\repository\org\seleniumhq\selenium\selenium-ie-driver\3.141.59\selenium-ie-driver-3.141.59.jar;C:\Users\Ajith\.m2\repository\org\seleniumhq\selenium\selenium-opera-driver\3.141.59\selenium-opera-driver-3.141.59.jar;C:\Users\Ajith\.m2\repository\org\seleniumhq\selenium\selenium-remote-driver\3.141.59\selenium-remote-driver-3.141.59.jar;C:\Users\Ajith\.m2\repository\org\seleniumhq\selenium\selenium-safari-driver\3.141.59\selenium-safari-driver-3.141.59.jar;C:\Users\Ajith\.m2\repository\org\seleniumhq\selenium\selenium-support\3.141.59\selenium-support-3.141.59.jar;C:\Users\Ajith\.m2\repository\net\bytebuddy\byte-buddy\1.8.15\byte-buddy-1.8.15.jar;C:\Users\Ajith\.m2\repository\org\apache\commons\commons-exec\1.3\commons-exec-1.3.jar;C:\Users\Ajith\.m2\repository\com\squareup\okhttp3\okhttp\3.11.0\okhttp-3.11.0.jar;C:\Users\Ajith\.m2\repository\com\squareup\okio\okio\1.14.0\okio-1.14.0.jar;C:\Users\Ajith\.m2\repository\org\seleniumhq\selenium\selenium-firefox-driver\3.141.59\selenium-firefox-driver-3.141.59.jar;C:\Users\Ajith\.m2\repository\org\openqa\selenium\server\selenium-server-coreless\1.0-20081010.060147\selenium-server-coreless-1.0-20081010.060147.jar;C:\Users\Ajith\.m2\repository\ant\ant\1.6.5\ant-1.6.5.jar;C:\Users\Ajith\.m2\repository\jetty\org.mortbay.jetty\5.1.10\org.mortbay.jetty-5.1.10.jar;C:\Users\Ajith\.m2\repository\commons-logging\commons-logging\1.0.4\commons-logging-1.0.4.jar;C:\Users\Ajith\.m2\repository\commons-codec\commons-codec\1.3\commons-codec-1.3.jar;C:\Users\Ajith\.m2\repository\javax\servlet\servlet-api\2.4\servlet-api-2.4.jar;C:\Users\Ajith\.m2\repository\bouncycastle\bcprov-jdk15\135\bcprov-jdk15-135.jar;C:\Users\Ajith\.m2\repository\org\testng\testng\7.4.0\testng-7.4.0.jar;C:\Users\Ajith\.m2\repository\com\beust\jcommander\1.78\jcommander-1.78.jar;C:\Users\Ajith\.m2\repository\org\webjars\jquery\3.5.1\jquery-3.5.1.jar;C:\Users\Ajith\.m2\repository\junit\junit\4.4\junit-4.4.jar;C:\Users\Ajith\.m2\repository\com\aventstack\extentreports\4.0.9\extentreports-4.0.9.jar;C:\Users\Ajith\.m2\repository\org\mongodb\mongodb-driver\3.3.0\mongodb-driver-3.3.0.jar;C:\Users\Ajith\.m2\repository\org\mongodb\mongodb-driver-core\3.3.0\mongodb-driver-core-3.3.0.jar;C:\Users\Ajith\.m2\repository\org\apache\httpcomponents\httpclient\4.5.2\httpclient-4.5.2.jar;C:\Users\Ajith\.m2\repository\org\apache\httpcomponents\httpcore\4.4.4\httpcore-4.4.4.jar;C:\Users\Ajith\.m2\repository\org\apache\httpcomponents\httpmime\4.5.2\httpmime-4.5.2.jar;C:\Users\Ajith\.m2\repository\com\google\code\gson\gson\2.8.5\gson-2.8.5.jar;C:\Users\Ajith\.m2\repository\net\sourceforge\jexcelapi\jxl\2.6.12\jxl-2.6.12.jar;C:\Users\Ajith\.m2\repository\log4j\log4j\1.2.14\log4j-1.2.14.jar;C:\Users\Ajith\.m2\repository\com\google\guava\guava\21.0\guava-21.0.jar;C:\Users\Ajith\.m2\repository\commons-io\commons-io\2.6\commons-io-2.6.jar;C:\Users\Ajith\.m2\repository\org\freemarker\freemarker\2.3.30\freemarker-2.3.30.jar;C:\Users\Ajith\.m2\repository\com\squareup\retrofit2\adapter-rxjava3\2.9.0\adapter-rxjava3-2.9.0.jar;C:\Users\Ajith\.m2\repository\com\squareup\retrofit2\retrofit\2.9.0\retrofit-2.9.0.jar;C:\Users\Ajith\.m2\repository\io\reactivex\rxjava3\rxjava\3.0.0\rxjava-3.0.0.jar;C:\Users\Ajith\.m2\repository\org\mongodb\bson\4.2.0-beta1\bson-4.2.0-beta1.jar;C:\Users\Ajith\.m2\repository\org\reactivestreams\reactive-streams\1.0.3\reactive-streams-1.0.3.jar;C:\Users\Ajith\.m2\repository\org\apache\maven\plugins\maven-surefire-report-plugin\3.0.0-M5\maven-surefire-report-plugin-3.0.0-M5.jar;C:\Users\Ajith\.m2\repository\org\apache\maven\surefire\surefire-report-parser\3.0.0-M5\surefire-report-parser-3.0.0-M5.jar;C:\Users\Ajith\.m2\repository\org\apache\maven\surefire\surefire-logger-api\3.0.0-M5\surefire-logger-api-3.0.0-M5.jar;C:\Users\Ajith\.m2\repository\org\apache\maven\surefire\surefire-shared-utils\3.0.0-M4\surefire-shared-utils-3.0.0-M4.jar;C:\Users\Ajith\.m2\repository\org\apache\maven\reporting\maven-reporting-api\3.0\maven-reporting-api-3.0.jar;C:\Users\Ajith\.m2\repository\org\apache\maven\reporting\maven-reporting-impl\3.0.0\maven-reporting-impl-3.0.0.jar;C:\Users\Ajith\.m2\repository\org\apache\maven\doxia\doxia-sink-api\1.9.1\doxia-sink-api-1.9.1.jar;C:\Users\Ajith\.m2\repository\org\apache\maven\doxia\doxia-logging-api\1.9.1\doxia-logging-api-1.9.1.jar;C:\Users\Ajith\.m2\repository\org\apache\maven\doxia\doxia-decoration-model\1.9.2\doxia-decoration-model-1.9.2.jar;C:\Users\Ajith\.m2\repository\org\apache\maven\doxia\doxia-core\1.9.1\doxia-core-1.9.1.jar;C:\Users\Ajith\.m2\repository\org\codehaus\plexus\plexus-container-default\1.7.1\plexus-container-default-1.7.1.jar;C:\Users\Ajith\.m2\repository\org\apache\xbean\xbean-reflect\3.7\xbean-reflect-3.7.jar;C:\Users\Ajith\.m2\repository\com\google\collections\google-collections\1.0\google-collections-1.0.jar;C:\Users\Ajith\.m2\repository\org\apache\maven\doxia\doxia-site-renderer\1.9.2\doxia-site-renderer-1.9.2.jar;C:\Users\Ajith\.m2\repository\org\apache\maven\doxia\doxia-skin-model\1.9.2\doxia-skin-model-1.9.2.jar;C:\Users\Ajith\.m2\repository\org\apache\maven\doxia\doxia-module-xhtml\1.9.1\doxia-module-xhtml-1.9.1.jar;C:\Users\Ajith\.m2\repository\org\apache\maven\doxia\doxia-module-xhtml5\1.9.1\doxia-module-xhtml5-1.9.1.jar;C:\Users\Ajith\.m2\repository\org\codehaus\plexus\plexus-i18n\1.0-beta-10\plexus-i18n-1.0-beta-10.jar;C:\Users\Ajith\.m2\repository\org\codehaus\plexus\plexus-velocity\1.2\plexus-velocity-1.2.jar;C:\Users\Ajith\.m2\repository\org\apache\velocity\velocity\1.7\velocity-1.7.jar;C:\Users\Ajith\.m2\repository\org\apache\velocity\velocity-tools\2.0\velocity-tools-2.0.jar;C:\Users\Ajith\.m2\repository\commons-beanutils\commons-beanutils\1.7.0\commons-beanutils-1.7.0.jar;C:\Users\Ajith\.m2\repository\commons-digester\commons-digester\1.8\commons-digester-1.8.jar;C:\Users\Ajith\.m2\repository\commons-chain\commons-chain\1.1\commons-chain-1.1.jar;C:\Users\Ajith\.m2\repository\dom4j\dom4j\1.1\dom4j-1.1.jar;C:\Users\Ajith\.m2\repository\oro\oro\2.0.8\oro-2.0.8.jar;C:\Users\Ajith\.m2\repository\commons-collections\commons-collections\3.2.2\commons-collections-3.2.2.jar;C:\Users\Ajith\.m2\repository\commons-lang\commons-lang\2.6\commons-lang-2.6.jar;C:\Users\Ajith\.m2\repository\org\apache\maven\plugins\maven-jar-plugin\3.2.0\maven-jar-plugin-3.2.0.jar;C:\Users\Ajith\.m2\repository\org\apache\maven\maven-core\3.0\maven-core-3.0.jar;C:\Users\Ajith\.m2\repository\org\apache\maven\maven-settings\3.0\maven-settings-3.0.jar;C:\Users\Ajith\.m2\repository\org\apache\maven\maven-settings-builder\3.0\maven-settings-builder-3.0.jar;C:\Users\Ajith\.m2\repository\org\apache\maven\maven-repository-metadata\3.0\maven-repository-metadata-3.0.jar;C:\Users\Ajith\.m2\repository\org\apache\maven\maven-model-builder\3.0\maven-model-builder-3.0.jar;C:\Users\Ajith\.m2\repository\org\apache\maven\maven-aether-provider\3.0\maven-aether-provider-3.0.jar;C:\Users\Ajith\.m2\repository\org\sonatype\aether\aether-impl\1.7\aether-impl-1.7.jar;C:\Users\Ajith\.m2\repository\org\sonatype\aether\aether-spi\1.7\aether-spi-1.7.jar;C:\Users\Ajith\.m2\repository\org\sonatype\aether\aether-api\1.7\aether-api-1.7.jar;C:\Users\Ajith\.m2\repository\org\sonatype\aether\aether-util\1.7\aether-util-1.7.jar;C:\Users\Ajith\.m2\repository\org\sonatype\sisu\sisu-inject-plexus\1.4.2\sisu-inject-plexus-1.4.2.jar;C:\Users\Ajith\.m2\repository\org\sonatype\sisu\sisu-inject-bean\1.4.2\sisu-inject-bean-1.4.2.jar;C:\Users\Ajith\.m2\repository\org\sonatype\sisu\sisu-guice\2.1.7\sisu-guice-2.1.7-noaop.jar;C:\Users\Ajith\.m2\repository\org\codehaus\plexus\plexus-interpolation\1.14\plexus-interpolation-1.14.jar;C:\Users\Ajith\.m2\repository\org\sonatype\plexus\plexus-sec-dispatcher\1.3\plexus-sec-dispatcher-1.3.jar;C:\Users\Ajith\.m2\repository\org\sonatype\plexus\plexus-cipher\1.4\plexus-cipher-1.4.jar;C:\Users\Ajith\.m2\repository\org\apache\maven\shared\file-management\3.0.0\file-management-3.0.0.jar;C:\Users\Ajith\.m2\repository\org\apache\maven\shared\maven-shared-io\3.0.0\maven-shared-io-3.0.0.jar;C:\Users\Ajith\.m2\repository\org\apache\maven\maven-compat\3.0\maven-compat-3.0.jar;C:\Users\Ajith\.m2\repository\org\apache\maven\wagon\wagon-provider-api\2.10\wagon-provider-api-2.10.jar;C:\Users\Ajith\.m2\repository\org\apache\maven\maven-archiver\3.5.0\maven-archiver-3.5.0.jar;C:\Users\Ajith\.m2\repository\org\apache\maven\shared\maven-shared-utils\3.2.1\maven-shared-utils-3.2.1.jar;C:\Users\Ajith\.m2\repository\org\codehaus\plexus\plexus-archiver\4.2.1\plexus-archiver-4.2.1.jar;C:\Users\Ajith\.m2\repository\org\codehaus\plexus\plexus-io\3.2.0\plexus-io-3.2.0.jar;C:\Users\Ajith\.m2\repository\org\apache\commons\commons-compress\1.19\commons-compress-1.19.jar;C:\Users\Ajith\.m2\repository\org\iq80\snappy\snappy\0.4\snappy-0.4.jar;C:\Users\Ajith\.m2\repository\org\tukaani\xz\1.8\xz-1.8.jar;C:\Users\Ajith\.m2\repository\com\sikulix\sikulixapi\2.0.4\sikulixapi-2.0.4.jar;C:\Users\Ajith\.m2\repository\com\sikulix\sikulix2tigervnc\1.1.4\sikulix2tigervnc-1.1.4.jar;C:\Users\Ajith\.m2\repository\commons-cli\commons-cli\1.4\commons-cli-1.4.jar;C:\Users\Ajith\.m2\repository\net\java\dev\jna\jna-platform\5.4.0\jna-platform-5.4.0.jar;C:\Users\Ajith\.m2\repository\net\java\dev\jna\jna\5.4.0\jna-5.4.0.jar;C:\Users\Ajith\.m2\repository\net\oneandone\reflections8\reflections8\0.11.6\reflections8-0.11.6.jar;C:\Users\Ajith\.m2\repository\org\javassist\javassist\3.22.0-GA\javassist-3.22.0-GA.jar;C:\Users\Ajith\.m2\repository\net\sourceforge\tess4j\tess4j\4.4.1\tess4j-4.4.1.jar;C:\Users\Ajith\.m2\repository\com\github\jai-imageio\jai-imageio-core\1.4.0\jai-imageio-core-1.4.0.jar;C:\Users\Ajith\.m2\repository\org\ghost4j\ghost4j\1.0.1\ghost4j-1.0.1.jar;C:\Users\Ajith\.m2\repository\org\apache\xmlgraphics\xmlgraphics-commons\1.4\xmlgraphics-commons-1.4.jar;C:\Users\Ajith\.m2\repository\com\lowagie\itext\2.1.7\itext-2.1.7.jar;C:\Users\Ajith\.m2\repository\org\apache\pdfbox\pdfbox\2.0.17\pdfbox-2.0.17.jar;C:\Users\Ajith\.m2\repository\org\apache\pdfbox\fontbox\2.0.17\fontbox-2.0.17.jar;C:\Users\Ajith\.m2\repository\org\apache\pdfbox\pdfbox-tools\2.0.17\pdfbox-tools-2.0.17.jar;C:\Users\Ajith\.m2\repository\org\apache\pdfbox\pdfbox-debugger\2.0.17\pdfbox-debugger-2.0.17.jar;C:\Users\Ajith\.m2\repository\org\apache\pdfbox\jbig2-imageio\3.0.2\jbig2-imageio-3.0.2.jar;C:\Users\Ajith\.m2\repository\net\sourceforge\lept4j\lept4j\1.12.3\lept4j-1.12.3.jar;C:\Users\Ajith\.m2\repository\org\jboss\jboss-vfs\3.2.14.Final\jboss-vfs-3.2.14.Final.jar;C:\Users\Ajith\.m2\repository\org\jboss\logging\jboss-logging\3.1.4.GA\jboss-logging-3.1.4.GA.jar;C:\Users\Ajith\.m2\repository\org\slf4j\jul-to-slf4j\1.7.28\jul-to-slf4j-1.7.28.jar;C:\Users\Ajith\.m2\repository\org\slf4j\jcl-over-slf4j\1.7.28\jcl-over-slf4j-1.7.28.jar;C:\Users\Ajith\.m2\repository\org\slf4j\log4j-over-slf4j\1.7.28\log4j-over-slf4j-1.7.28.jar;C:\Users\Ajith\.m2\repository\org\slf4j\slf4j-nop\1.7.28\slf4j-nop-1.7.28.jar;C:\Users\Ajith\.m2\repository\org\slf4j\slf4j-api\1.7.28\slf4j-api-1.7.28.jar;"/>
    <property name="java.vm.vendor" value="Oracle Corporation"/>
    <property name="sun.arch.data.model" value="64"/>
    <property name="user.variant" value=""/>
    <property name="java.vendor.url" value="https://openjdk.java.net/"/>
    <property name="user.timezone" value="Asia/Calcutta"/>
    <property name="java.vm.specification.version" value="11"/>
    <property name="os.name" value="Windows 10"/>
    <property name="sun.java.launcher" value="SUN_STANDARD"/>
    <property name="user.country" value="US"/>
    <property name="sun.boot.library.path" value="C:\Program Files\Java\jdk-11.0.10\bin"/>
    <property name="sun.java.command" value="C:\Users\Ajith\AppData\Local\Temp\surefire5034770206205608053\surefirebooter8533673473973500806.jar C:\Users\Ajith\AppData\Local\Temp\surefire5034770206205608053 2021-04-02T22-13-32_374-jvmRun1 surefire13497894090639385300tmp surefire_06774399564437807712tmp"/>
    <property name="jdk.debug" value="release"/>
    <property name="surefire.test.class.path" value="E:\eclipse-workspace\Hospital\target\test-classes;E:\eclipse-workspace\Hospital\target\classes;C:\Users\Ajith\.m2\repository\org\apache\maven\maven-plugin-api\3.6.3\maven-plugin-api-3.6.3.jar;C:\Users\Ajith\.m2\repository\org\apache\maven\maven-model\3.6.3\maven-model-3.6.3.jar;C:\Users\Ajith\.m2\repository\org\apache\maven\maven-artifact\3.6.3\maven-artifact-3.6.3.jar;C:\Users\Ajith\.m2\repository\org\apache\commons\commons-lang3\3.8.1\commons-lang3-3.8.1.jar;C:\Users\Ajith\.m2\repository\org\eclipse\sisu\org.eclipse.sisu.plexus\0.3.4\org.eclipse.sisu.plexus-0.3.4.jar;C:\Users\Ajith\.m2\repository\javax\enterprise\cdi-api\1.0\cdi-api-1.0.jar;C:\Users\Ajith\.m2\repository\javax\annotation\jsr250-api\1.0\jsr250-api-1.0.jar;C:\Users\Ajith\.m2\repository\javax\inject\javax.inject\1\javax.inject-1.jar;C:\Users\Ajith\.m2\repository\org\eclipse\sisu\org.eclipse.sisu.inject\0.3.4\org.eclipse.sisu.inject-0.3.4.jar;C:\Users\Ajith\.m2\repository\org\codehaus\plexus\plexus-component-annotations\1.5.5\plexus-component-annotations-1.5.5.jar;C:\Users\Ajith\.m2\repository\org\codehaus\plexus\plexus-utils\3.2.1\plexus-utils-3.2.1.jar;C:\Users\Ajith\.m2\repository\org\codehaus\plexus\plexus-classworlds\2.6.0\plexus-classworlds-2.6.0.jar;C:\Users\Ajith\.m2\repository\org\seleniumhq\selenium\selenium-java\3.141.59\selenium-java-3.141.59.jar;C:\Users\Ajith\.m2\repository\org\seleniumhq\selenium\selenium-api\3.141.59\selenium-api-3.141.59.jar;C:\Users\Ajith\.m2\repository\org\seleniumhq\selenium\selenium-chrome-driver\3.141.59\selenium-chrome-driver-3.141.59.jar;C:\Users\Ajith\.m2\repository\org\seleniumhq\selenium\selenium-edge-driver\3.141.59\selenium-edge-driver-3.141.59.jar;C:\Users\Ajith\.m2\repository\org\seleniumhq\selenium\selenium-ie-driver\3.141.59\selenium-ie-driver-3.141.59.jar;C:\Users\Ajith\.m2\repository\org\seleniumhq\selenium\selenium-opera-driver\3.141.59\selenium-opera-driver-3.141.59.jar;C:\Users\Ajith\.m2\repository\org\seleniumhq\selenium\selenium-remote-driver\3.141.59\selenium-remote-driver-3.141.59.jar;C:\Users\Ajith\.m2\repository\org\seleniumhq\selenium\selenium-safari-driver\3.141.59\selenium-safari-driver-3.141.59.jar;C:\Users\Ajith\.m2\repository\org\seleniumhq\selenium\selenium-support\3.141.59\selenium-support-3.141.59.jar;C:\Users\Ajith\.m2\repository\net\bytebuddy\byte-buddy\1.8.15\byte-buddy-1.8.15.jar;C:\Users\Ajith\.m2\repository\org\apache\commons\commons-exec\1.3\commons-exec-1.3.jar;C:\Users\Ajith\.m2\repository\com\squareup\okhttp3\okhttp\3.11.0\okhttp-3.11.0.jar;C:\Users\Ajith\.m2\repository\com\squareup\okio\okio\1.14.0\okio-1.14.0.jar;C:\Users\Ajith\.m2\repository\org\seleniumhq\selenium\selenium-firefox-driver\3.141.59\selenium-firefox-driver-3.141.59.jar;C:\Users\Ajith\.m2\repository\org\openqa\selenium\server\selenium-server-coreless\1.0-20081010.060147\selenium-server-coreless-1.0-20081010.060147.jar;C:\Users\Ajith\.m2\repository\ant\ant\1.6.5\ant-1.6.5.jar;C:\Users\Ajith\.m2\repository\jetty\org.mortbay.jetty\5.1.10\org.mortbay.jetty-5.1.10.jar;C:\Users\Ajith\.m2\repository\commons-logging\commons-logging\1.0.4\commons-logging-1.0.4.jar;C:\Users\Ajith\.m2\repository\commons-codec\commons-codec\1.3\commons-codec-1.3.jar;C:\Users\Ajith\.m2\repository\javax\servlet\servlet-api\2.4\servlet-api-2.4.jar;C:\Users\Ajith\.m2\repository\bouncycastle\bcprov-jdk15\135\bcprov-jdk15-135.jar;C:\Users\Ajith\.m2\repository\org\testng\testng\7.4.0\testng-7.4.0.jar;C:\Users\Ajith\.m2\repository\com\beust\jcommander\1.78\jcommander-1.78.jar;C:\Users\Ajith\.m2\repository\org\webjars\jquery\3.5.1\jquery-3.5.1.jar;C:\Users\Ajith\.m2\repository\junit\junit\4.4\junit-4.4.jar;C:\Users\Ajith\.m2\repository\com\aventstack\extentreports\4.0.9\extentreports-4.0.9.jar;C:\Users\Ajith\.m2\repository\org\mongodb\mongodb-driver\3.3.0\mongodb-driver-3.3.0.jar;C:\Users\Ajith\.m2\repository\org\mongodb\mongodb-driver-core\3.3.0\mongodb-driver-core-3.3.0.jar;C:\Users\Ajith\.m2\repository\org\apache\httpcomponents\httpclient\4.5.2\httpclient-4.5.2.jar;C:\Users\Ajith\.m2\repository\org\apache\httpcomponents\httpcore\4.4.4\httpcore-4.4.4.jar;C:\Users\Ajith\.m2\repository\org\apache\httpcomponents\httpmime\4.5.2\httpmime-4.5.2.jar;C:\Users\Ajith\.m2\repository\com\google\code\gson\gson\2.8.5\gson-2.8.5.jar;C:\Users\Ajith\.m2\repository\net\sourceforge\jexcelapi\jxl\2.6.12\jxl-2.6.12.jar;C:\Users\Ajith\.m2\repository\log4j\log4j\1.2.14\log4j-1.2.14.jar;C:\Users\Ajith\.m2\repository\com\google\guava\guava\21.0\guava-21.0.jar;C:\Users\Ajith\.m2\repository\commons-io\commons-io\2.6\commons-io-2.6.jar;C:\Users\Ajith\.m2\repository\org\freemarker\freemarker\2.3.30\freemarker-2.3.30.jar;C:\Users\Ajith\.m2\repository\com\squareup\retrofit2\adapter-rxjava3\2.9.0\adapter-rxjava3-2.9.0.jar;C:\Users\Ajith\.m2\repository\com\squareup\retrofit2\retrofit\2.9.0\retrofit-2.9.0.jar;C:\Users\Ajith\.m2\repository\io\reactivex\rxjava3\rxjava\3.0.0\rxjava-3.0.0.jar;C:\Users\Ajith\.m2\repository\org\mongodb\bson\4.2.0-beta1\bson-4.2.0-beta1.jar;C:\Users\Ajith\.m2\repository\org\reactivestreams\reactive-streams\1.0.3\reactive-streams-1.0.3.jar;C:\Users\Ajith\.m2\repository\org\apache\maven\plugins\maven-surefire-report-plugin\3.0.0-M5\maven-surefire-report-plugin-3.0.0-M5.jar;C:\Users\Ajith\.m2\repository\org\apache\maven\surefire\surefire-report-parser\3.0.0-M5\surefire-report-parser-3.0.0-M5.jar;C:\Users\Ajith\.m2\repository\org\apache\maven\surefire\surefire-logger-api\3.0.0-M5\surefire-logger-api-3.0.0-M5.jar;C:\Users\Ajith\.m2\repository\org\apache\maven\surefire\surefire-shared-utils\3.0.0-M4\surefire-shared-utils-3.0.0-M4.jar;C:\Users\Ajith\.m2\repository\org\apache\maven\reporting\maven-reporting-api\3.0\maven-reporting-api-3.0.jar;C:\Users\Ajith\.m2\repository\org\apache\maven\reporting\maven-reporting-impl\3.0.0\maven-reporting-impl-3.0.0.jar;C:\Users\Ajith\.m2\repository\org\apache\maven\doxia\doxia-sink-api\1.9.1\doxia-sink-api-1.9.1.jar;C:\Users\Ajith\.m2\repository\org\apache\maven\doxia\doxia-logging-api\1.9.1\doxia-logging-api-1.9.1.jar;C:\Users\Ajith\.m2\repository\org\apache\maven\doxia\doxia-decoration-model\1.9.2\doxia-decoration-model-1.9.2.jar;C:\Users\Ajith\.m2\repository\org\apache\maven\doxia\doxia-core\1.9.1\doxia-core-1.9.1.jar;C:\Users\Ajith\.m2\repository\org\codehaus\plexus\plexus-container-default\1.7.1\plexus-container-default-1.7.1.jar;C:\Users\Ajith\.m2\repository\org\apache\xbean\xbean-reflect\3.7\xbean-reflect-3.7.jar;C:\Users\Ajith\.m2\repository\com\google\collections\google-collections\1.0\google-collections-1.0.jar;C:\Users\Ajith\.m2\repository\org\apache\maven\doxia\doxia-site-renderer\1.9.2\doxia-site-renderer-1.9.2.jar;C:\Users\Ajith\.m2\repository\org\apache\maven\doxia\doxia-skin-model\1.9.2\doxia-skin-model-1.9.2.jar;C:\Users\Ajith\.m2\repository\org\apache\maven\doxia\doxia-module-xhtml\1.9.1\doxia-module-xhtml-1.9.1.jar;C:\Users\Ajith\.m2\repository\org\apache\maven\doxia\doxia-module-xhtml5\1.9.1\doxia-module-xhtml5-1.9.1.jar;C:\Users\Ajith\.m2\repository\org\codehaus\plexus\plexus-i18n\1.0-beta-10\plexus-i18n-1.0-beta-10.jar;C:\Users\Ajith\.m2\repository\org\codehaus\plexus\plexus-velocity\1.2\plexus-velocity-1.2.jar;C:\Users\Ajith\.m2\repository\org\apache\velocity\velocity\1.7\velocity-1.7.jar;C:\Users\Ajith\.m2\repository\org\apache\velocity\velocity-tools\2.0\velocity-tools-2.0.jar;C:\Users\Ajith\.m2\repository\commons-beanutils\commons-beanutils\1.7.0\commons-beanutils-1.7.0.jar;C:\Users\Ajith\.m2\repository\commons-digester\commons-digester\1.8\commons-digester-1.8.jar;C:\Users\Ajith\.m2\repository\commons-chain\commons-chain\1.1\commons-chain-1.1.jar;C:\Users\Ajith\.m2\repository\dom4j\dom4j\1.1\dom4j-1.1.jar;C:\Users\Ajith\.m2\repository\oro\oro\2.0.8\oro-2.0.8.jar;C:\Users\Ajith\.m2\repository\commons-collections\commons-collections\3.2.2\commons-collections-3.2.2.jar;C:\Users\Ajith\.m2\repository\commons-lang\commons-lang\2.6\commons-lang-2.6.jar;C:\Users\Ajith\.m2\repository\org\apache\maven\plugins\maven-jar-plugin\3.2.0\maven-jar-plugin-3.2.0.jar;C:\Users\Ajith\.m2\repository\org\apache\maven\maven-core\3.0\maven-core-3.0.jar;C:\Users\Ajith\.m2\repository\org\apache\maven\maven-settings\3.0\maven-settings-3.0.jar;C:\Users\Ajith\.m2\repository\org\apache\maven\maven-settings-builder\3.0\maven-settings-builder-3.0.jar;C:\Users\Ajith\.m2\repository\org\apache\maven\maven-repository-metadata\3.0\maven-repository-metadata-3.0.jar;C:\Users\Ajith\.m2\repository\org\apache\maven\maven-model-builder\3.0\maven-model-builder-3.0.jar;C:\Users\Ajith\.m2\repository\org\apache\maven\maven-aether-provider\3.0\maven-aether-provider-3.0.jar;C:\Users\Ajith\.m2\repository\org\sonatype\aether\aether-impl\1.7\aether-impl-1.7.jar;C:\Users\Ajith\.m2\repository\org\sonatype\aether\aether-spi\1.7\aether-spi-1.7.jar;C:\Users\Ajith\.m2\repository\org\sonatype\aether\aether-api\1.7\aether-api-1.7.jar;C:\Users\Ajith\.m2\repository\org\sonatype\aether\aether-util\1.7\aether-util-1.7.jar;C:\Users\Ajith\.m2\repository\org\sonatype\sisu\sisu-inject-plexus\1.4.2\sisu-inject-plexus-1.4.2.jar;C:\Users\Ajith\.m2\repository\org\sonatype\sisu\sisu-inject-bean\1.4.2\sisu-inject-bean-1.4.2.jar;C:\Users\Ajith\.m2\repository\org\sonatype\sisu\sisu-guice\2.1.7\sisu-guice-2.1.7-noaop.jar;C:\Users\Ajith\.m2\repository\org\codehaus\plexus\plexus-interpolation\1.14\plexus-interpolation-1.14.jar;C:\Users\Ajith\.m2\repository\org\sonatype\plexus\plexus-sec-dispatcher\1.3\plexus-sec-dispatcher-1.3.jar;C:\Users\Ajith\.m2\repository\org\sonatype\plexus\plexus-cipher\1.4\plexus-cipher-1.4.jar;C:\Users\Ajith\.m2\repository\org\apache\maven\shared\file-management\3.0.0\file-management-3.0.0.jar;C:\Users\Ajith\.m2\repository\org\apache\maven\shared\maven-shared-io\3.0.0\maven-shared-io-3.0.0.jar;C:\Users\Ajith\.m2\repository\org\apache\maven\maven-compat\3.0\maven-compat-3.0.jar;C:\Users\Ajith\.m2\repository\org\apache\maven\wagon\wagon-provider-api\2.10\wagon-provider-api-2.10.jar;C:\Users\Ajith\.m2\repository\org\apache\maven\maven-archiver\3.5.0\maven-archiver-3.5.0.jar;C:\Users\Ajith\.m2\repository\org\apache\maven\shared\maven-shared-utils\3.2.1\maven-shared-utils-3.2.1.jar;C:\Users\Ajith\.m2\repository\org\codehaus\plexus\plexus-archiver\4.2.1\plexus-archiver-4.2.1.jar;C:\Users\Ajith\.m2\repository\org\codehaus\plexus\plexus-io\3.2.0\plexus-io-3.2.0.jar;C:\Users\Ajith\.m2\repository\org\apache\commons\commons-compress\1.19\commons-compress-1.19.jar;C:\Users\Ajith\.m2\repository\org\iq80\snappy\snappy\0.4\snappy-0.4.jar;C:\Users\Ajith\.m2\repository\org\tukaani\xz\1.8\xz-1.8.jar;C:\Users\Ajith\.m2\repository\com\sikulix\sikulixapi\2.0.4\sikulixapi-2.0.4.jar;C:\Users\Ajith\.m2\repository\com\sikulix\sikulix2tigervnc\1.1.4\sikulix2tigervnc-1.1.4.jar;C:\Users\Ajith\.m2\repository\commons-cli\commons-cli\1.4\commons-cli-1.4.jar;C:\Users\Ajith\.m2\repository\net\java\dev\jna\jna-platform\5.4.0\jna-platform-5.4.0.jar;C:\Users\Ajith\.m2\repository\net\java\dev\jna\jna\5.4.0\jna-5.4.0.jar;C:\Users\Ajith\.m2\repository\net\oneandone\reflections8\reflections8\0.11.6\reflections8-0.11.6.jar;C:\Users\Ajith\.m2\repository\org\javassist\javassist\3.22.0-GA\javassist-3.22.0-GA.jar;C:\Users\Ajith\.m2\repository\net\sourceforge\tess4j\tess4j\4.4.1\tess4j-4.4.1.jar;C:\Users\Ajith\.m2\repository\com\github\jai-imageio\jai-imageio-core\1.4.0\jai-imageio-core-1.4.0.jar;C:\Users\Ajith\.m2\repository\org\ghost4j\ghost4j\1.0.1\ghost4j-1.0.1.jar;C:\Users\Ajith\.m2\repository\org\apache\xmlgraphics\xmlgraphics-commons\1.4\xmlgraphics-commons-1.4.jar;C:\Users\Ajith\.m2\repository\com\lowagie\itext\2.1.7\itext-2.1.7.jar;C:\Users\Ajith\.m2\repository\org\apache\pdfbox\pdfbox\2.0.17\pdfbox-2.0.17.jar;C:\Users\Ajith\.m2\repository\org\apache\pdfbox\fontbox\2.0.17\fontbox-2.0.17.jar;C:\Users\Ajith\.m2\repository\org\apache\pdfbox\pdfbox-tools\2.0.17\pdfbox-tools-2.0.17.jar;C:\Users\Ajith\.m2\repository\org\apache\pdfbox\pdfbox-debugger\2.0.17\pdfbox-debugger-2.0.17.jar;C:\Users\Ajith\.m2\repository\org\apache\pdfbox\jbig2-imageio\3.0.2\jbig2-imageio-3.0.2.jar;C:\Users\Ajith\.m2\repository\net\sourceforge\lept4j\lept4j\1.12.3\lept4j-1.12.3.jar;C:\Users\Ajith\.m2\repository\org\jboss\jboss-vfs\3.2.14.Final\jboss-vfs-3.2.14.Final.jar;C:\Users\Ajith\.m2\repository\org\jboss\logging\jboss-logging\3.1.4.GA\jboss-logging-3.1.4.GA.jar;C:\Users\Ajith\.m2\repository\org\slf4j\jul-to-slf4j\1.7.28\jul-to-slf4j-1.7.28.jar;C:\Users\Ajith\.m2\repository\org\slf4j\jcl-over-slf4j\1.7.28\jcl-over-slf4j-1.7.28.jar;C:\Users\Ajith\.m2\repository\org\slf4j\log4j-over-slf4j\1.7.28\log4j-over-slf4j-1.7.28.jar;C:\Users\Ajith\.m2\repository\org\slf4j\slf4j-nop\1.7.28\slf4j-nop-1.7.28.jar;C:\Users\Ajith\.m2\repository\org\slf4j\slf4j-api\1.7.28\slf4j-api-1.7.28.jar;"/>
    <property name="sun.cpu.endian" value="little"/>
    <property name="user.home" value="C:\Users\Ajith"/>
    <property name="user.language" value="en"/>
    <property name="java.specification.vendor" value="Oracle Corporation"/>
    <property name="java.version.date" value="2021-01-19"/>
    <property name="java.home" value="C:\Program Files\Java\jdk-11.0.10"/>
    <property name="file.separator" value="\"/>
    <property name="basedir" value="E:\eclipse-workspace\Hospital"/>
    <property name="java.vm.compressedOopsMode" value="32-bit"/>
    <property name="line.separator" value="&#10;"/>
    <property name="java.specification.name" value="Java Platform API Specification"/>
    <property name="java.vm.specification.vendor" value="Oracle Corporation"/>
    <property name="java.awt.graphicsenv" value="sun.awt.Win32GraphicsEnvironment"/>
    <property name="surefire.real.class.path" value="C:\Users\Ajith\AppData\Local\Temp\surefire5034770206205608053\surefirebooter8533673473973500806.jar"/>
    <property name="user.script" value=""/>
    <property name="sun.management.compiler" value="HotSpot 64-Bit Tiered Compilers"/>
    <property name="java.runtime.version" value="11.0.10+8-LTS-162"/>
    <property name="user.name" value="Kartheeswari"/>
    <property name="path.separator" value=";"/>
    <property name="os.version" value="10.0"/>
    <property name="java.runtime.name" value="Java(TM) SE Runtime Environment"/>
    <property name="file.encoding" value="Cp1252"/>
    <property name="java.vm.name" value="Java HotSpot(TM) 64-Bit Server VM"/>
    <property name="java.vendor.version" value="18.9"/>
    <property name="localRepository" value="C:\Users\Ajith\.m2\repository"/>
    <property name="java.vendor.url.bug" value="https://bugreport.java.com/bugreport/"/>
    <property name="java.io.tmpdir" value="C:\Users\Ajith\AppData\Local\Temp\"/>
    <property name="java.version" value="11.0.10"/>
    <property name="user.dir" value="E:\eclipse-workspace\Hospital"/>
    <property name="os.arch" value="amd64"/>
    <property name="webdriver.gecko.driver" value="C:\Users\Ajith\Downloads\geckodriver-v0.29.0-win64 (1)\geckodriver.exe"/>
    <property name="java.vm.specification.name" value="Java Virtual Machine Specification"/>
    <property name="java.awt.printerjob" value="sun.awt.windows.WPrinterJob"/>
    <property name="sun.os.patch.level" value=""/>
    <property name="java.library.path" value="C:\Program Files\Java\jdk-11.0.10\bin;C:\Windows\Sun\Java\bin;C:\Windows\system32;C:\Windows;C:\Program Files\Common Files\Oracle\Java\javapath;C:\Windows\system32;C:\Windows;C:\Windows\System32\Wbem;C:\Windows\System32\WindowsPowerShell\v1.0\;C:\Windows\System32\OpenSSH\;C:\Program Files\MAVEN\bin;C:\Program Files\Git\bin;C:\Program Files\Jenkins;C:\Program Files\Git\cmd;C:\Program Files\Java\jdk-11.0.10\bin;C:\Users\Ajith\AppData\Local\Microsoft\WindowsApps;."/>
    <property name="java.vendor" value="Oracle Corporation"/>
    <property name="java.vm.info" value="mixed mode"/>
    <property name="java.vm.version" value="11.0.10+8-LTS-162"/>
    <property name="sun.io.unicode.encoding" value="UnicodeLittle"/>
    <property name="java.class.version" value="55.0"/>
  </properties>
  <testcase name="launch" classname="HospitalPortalFlow.Query" time="60.084">
    <failure message="Failed to decode response from marionette&#10;Build info: version: &apos;3.141.59&apos;, revision: &apos;e82be7d358&apos;, time: &apos;2018-11-14T08:17:03&apos;&#10;System info: host: &apos;KARTHEESWARI-PC&apos;, ip: &apos;192.168.0.4&apos;, os.name: &apos;Windows 10&apos;, os.arch: &apos;amd64&apos;, os.version: &apos;10.0&apos;, java.version: &apos;11.0.10&apos;&#10;Driver info: org.openqa.selenium.firefox.FirefoxDriver&#10;Capabilities {acceptInsecureCerts: true, browserName: firefox, browserVersion: 86.0.1, javascriptEnabled: true, moz:accessibilityChecks: false, moz:buildID: 20210310152336, moz:geckodriverVersion: 0.29.0, moz:headless: false, moz:processID: 14756, moz:profile: C:\Users\Ajith\AppData\Loca..., moz:shutdownTimeout: 60000, moz:useNonSpecCompliantPointerOrigin: false, moz:webdriverClick: true, pageLoadStrategy: normal, platform: WINDOWS, platformName: WINDOWS, platformVersion: 10.0, rotatable: false, setWindowRect: true, strictFileInteractability: false, timeouts: {implicit: 0, pageLoad: 300000, script: 30000}, unhandledPromptBehavior: dismiss and notify}&#10;Session ID: 699f455e-ae6f-456f-92fa-910accf8362e&#10;*** Element info: {Using=id, value=username}" type="org.openqa.selenium.WebDriverException"><![CDATA[org.openqa.selenium.WebDriverException: 
Failed to decode response from marionette
Build info: version: '3.141.59', revision: 'e82be7d358', time: '2018-11-14T08:17:03'
System info: host: 'KARTHEESWARI-PC', ip: '192.168.0.4', os.name: 'Windows 10', os.arch: 'amd64', os.version: '10.0', java.version: '11.0.10'
Driver info: org.openqa.selenium.firefox.FirefoxDriver
Capabilities {acceptInsecureCerts: true, browserName: firefox, browserVersion: 86.0.1, javascriptEnabled: true, moz:accessibilityChecks: false, moz:buildID: 20210310152336, moz:geckodriverVersion: 0.29.0, moz:headless: false, moz:processID: 14756, moz:profile: C:\Users\Ajith\AppData\Loca..., moz:shutdownTimeout: 60000, moz:useNonSpecCompliantPointerOrigin: false, moz:webdriverClick: true, pageLoadStrategy: normal, platform: WINDOWS, platformName: WINDOWS, platformVersion: 10.0, rotatable: false, setWindowRect: true, strictFileInteractability: false, timeouts: {implicit: 0, pageLoad: 300000, script: 30000}, unhandledPromptBehavior: dismiss and notify}
Session ID: 699f455e-ae6f-456f-92fa-910accf8362e
*** Element info: {Using=id, value=username}
	at HospitalPortalFlow.Query.launch(Query.java:119)
]]></failure>
    <system-err><![CDATA[1617381829961	geckodriver	INFO	Listening on 127.0.0.1:43278
1617381830500	mozrunner::runner	INFO	Running command: "C:\\Program Files\\Mozilla Firefox\\firefox.exe" "--marionette" "-foreground" "-no-remote" "-profile" "C:\\Users\\Ajith\\AppData\\Local\\Temp\\rust_mozprofileoHRNU3"
[Parent 14756, IPC I/O Parent] WARNING: file /builds/worker/checkouts/gecko/ipc/chromium/src/base/process_util_win.cc:167
console.warn: SearchSettings: "get: No settings file exists, new profile?" (new Error("", "(unknown module)"))
1617381874268	Marionette	INFO	Listening on port 59412
1617381874992	Marionette	WARN	TLS certificate errors will be ignored for this session
Apr 02, 2021 10:14:35 PM org.openqa.selenium.remote.ProtocolHandshake createSession
INFO: Detected dialect: W3C
JavaScript error: resource://activity-stream/lib/ASRouter.jsm, line 988: NS_ERROR_ILLEGAL_VALUE: Component returned failure code: 0x80070057 (NS_ERROR_ILLEGAL_VALUE) [nsIObserverService.removeObserver]
[Parent 14756, IPC I/O Parent] WARNING: file /builds/worker/checkouts/gecko/ipc/chromium/src/base/process_util_win.cc:167
1617381887514	Marionette	INFO	Stopped listening on port 59412

###!!! [Child][RunMessage] Error: Channel closing: too late to send/recv, messages will be lost

]]></system-err>
  </testcase>
  <testcase name="reply[Maximus, 200014328P, Kindly provide Confirm final diagnosis from treating doctor with Investigation reports to support the diagnosis., Image, , Yes, Kindly provide Confirm final diagnosis from treating doctor with Investigation reports to support the diagnosis., Document, E:\Doc upload sample\Supported_format\New folder\Report Page - Field level validation sheet.xlsx, Yes, Kindly provide Confirm final diagnosis from treating doctor with Investigation reports to support the diagnosis., , , No, Kindly provide Confirm final diagnosis from treating doctor with Investigation reports to support the diagnosis., , , No, Kindly provide Confirm final diagnosis from treating doctor with Investigation reports to support the diagnosis., , , No, Kindly provide Confirm final diagnosis from treating doctor with Investigation reports to support the diagnosis., Image, , No, Kindly provide Confirm final diagnosis from treating doctor with Investigation reports to support the diagnosis., Image, , No](1)" classname="HospitalPortalFlow.Query" time="0">
    <skipped message="Failed to decode response from marionette&#10;Build info: version: &apos;3.141.59&apos;, revision: &apos;e82be7d358&apos;, time: &apos;2018-11-14T08:17:03&apos;&#10;System info: host: &apos;KARTHEESWARI-PC&apos;, ip: &apos;192.168.0.4&apos;, os.name: &apos;Windows 10&apos;, os.arch: &apos;amd64&apos;, os.version: &apos;10.0&apos;, java.version: &apos;11.0.10&apos;&#10;Driver info: org.openqa.selenium.firefox.FirefoxDriver&#10;Capabilities {acceptInsecureCerts: true, browserName: firefox, browserVersion: 86.0.1, javascriptEnabled: true, moz:accessibilityChecks: false, moz:buildID: 20210310152336, moz:geckodriverVersion: 0.29.0, moz:headless: false, moz:processID: 14756, moz:profile: C:\Users\Ajith\AppData\Loca..., moz:shutdownTimeout: 60000, moz:useNonSpecCompliantPointerOrigin: false, moz:webdriverClick: true, pageLoadStrategy: normal, platform: WINDOWS, platformName: WINDOWS, platformVersion: 10.0, rotatable: false, setWindowRect: true, strictFileInteractability: false, timeouts: {implicit: 0, pageLoad: 300000, script: 30000}, unhandledPromptBehavior: dismiss and notify}&#10;Session ID: 699f455e-ae6f-456f-92fa-910accf8362e&#10;*** Element info: {Using=id, value=username}"/>
    <system-out><![CDATA[3
30
Maximus
200014328P
Kindly provide Confirm final diagnosis from treating doctor with Investigation reports to support the diagnosis.
Image

Yes
Kindly provide Confirm final diagnosis from treating doctor with Investigation reports to support the diagnosis.
Document
E:\Doc upload sample\Supported_format\New folder\Report Page - Field level validation sheet.xlsx
Yes
Kindly provide Confirm final diagnosis from treating doctor with Investigation reports to support the diagnosis.


No
Kindly provide Confirm final diagnosis from treating doctor with Investigation reports to support the diagnosis.


No
Kindly provide Confirm final diagnosis from treating doctor with Investigation reports to support the diagnosis.


No
Kindly provide Confirm final diagnosis from treating doctor with Investigation reports to support the diagnosis.
Image

No
Kindly provide Confirm final diagnosis from treating doctor with Investigation reports to support the diagnosis.
Image

No
Opus
210000237P
Kindly provide Confirm final diagnosis from treating doctor with Investigation reports to support the diagnosis.
Document
E:\Doc upload sample\Supported_format\New folder\Report Page - Field level validation sheet.xlsx
Yes
Kindly provide Confirm final diagnosis from treating doctor with Investigation reports to support the diagnosis.
Document
E:\Doc upload sample\Supported_format\New folder\Report Page - Field level validation sheet.xlsx
Yes
Kindly provide Confirm final diagnosis from treating doctor with Investigation reports to support the diagnosis.


No
Kindly provide Confirm final diagnosis from treating doctor with Investigation reports to support the diagnosis.


No
Kindly provide Confirm final diagnosis from treating doctor with Investigation reports to support the diagnosis.


No
Kindly provide Confirm final diagnosis from treating doctor with Investigation reports to support the diagnosis.
Image

No
Kindly provide Confirm final diagnosis from treating doctor with Investigation reports to support the diagnosis.
Image

Yes
]]></system-out>
  </testcase>
  <testcase name="screen" classname="HospitalPortalFlow.Query" time="0">
    <skipped/>
  </testcase>
  <testcase name="screen" classname="HospitalPortalFlow.Query" time="0">
    <skipped/>
  </testcase>
  <testcase name="reply[Opus, 210000237P, Kindly provide Confirm final diagnosis from treating doctor with Investigation reports to support the diagnosis., Document, E:\Doc upload sample\Supported_format\New folder\Report Page - Field level validation sheet.xlsx, Yes, Kindly provide Confirm final diagnosis from treating doctor with Investigation reports to support the diagnosis., Document, E:\Doc upload sample\Supported_format\New folder\Report Page - Field level validation sheet.xlsx, Yes, Kindly provide Confirm final diagnosis from treating doctor with Investigation reports to support the diagnosis., , , No, Kindly provide Confirm final diagnosis from treating doctor with Investigation reports to support the diagnosis., , , No, Kindly provide Confirm final diagnosis from treating doctor with Investigation reports to support the diagnosis., , , No, Kindly provide Confirm final diagnosis from treating doctor with Investigation reports to support the diagnosis., Image, , No, Kindly provide Confirm final diagnosis from treating doctor with Investigation reports to support the diagnosis., Image, , Yes](2)" classname="HospitalPortalFlow.Query" time="0">
    <skipped message="Failed to decode response from marionette&#10;Build info: version: &apos;3.141.59&apos;, revision: &apos;e82be7d358&apos;, time: &apos;2018-11-14T08:17:03&apos;&#10;System info: host: &apos;KARTHEESWARI-PC&apos;, ip: &apos;192.168.0.4&apos;, os.name: &apos;Windows 10&apos;, os.arch: &apos;amd64&apos;, os.version: &apos;10.0&apos;, java.version: &apos;11.0.10&apos;&#10;Driver info: org.openqa.selenium.firefox.FirefoxDriver&#10;Capabilities {acceptInsecureCerts: true, browserName: firefox, browserVersion: 86.0.1, javascriptEnabled: true, moz:accessibilityChecks: false, moz:buildID: 20210310152336, moz:geckodriverVersion: 0.29.0, moz:headless: false, moz:processID: 14756, moz:profile: C:\Users\Ajith\AppData\Loca..., moz:shutdownTimeout: 60000, moz:useNonSpecCompliantPointerOrigin: false, moz:webdriverClick: true, pageLoadStrategy: normal, platform: WINDOWS, platformName: WINDOWS, platformVersion: 10.0, rotatable: false, setWindowRect: true, strictFileInteractability: false, timeouts: {implicit: 0, pageLoad: 300000, script: 30000}, unhandledPromptBehavior: dismiss and notify}&#10;Session ID: 699f455e-ae6f-456f-92fa-910accf8362e&#10;*** Element info: {Using=id, value=username}"/>
  </testcase>
  <testcase name="close" classname="HospitalPortalFlow.Query" time="0">
    <skipped/>
  </testcase>
</testsuite>