<?xml version="1.0" encoding="UTF-8"?>
<!-- Generated by org.testng.reporters.JUnitReportReporter -->
<testsuite hostname="kartheeswari-pc" failures="0" tests="85" name="HospitalPortalFlow.demo" time="72.266" errors="0" timestamp="2021-03-07T17:02:20 IST" skipped="0">
  <testcase classname="HospitalPortalFlow.demo" name="main" time="0.744"/>
  <system-out/>
  <testcase classname="HospitalPortalFlow.demo" name="main" time="0.672"/>
  <system-out/>
  <testcase classname="HospitalPortalFlow.demo" name="main" time="0.859"/>
  <system-out/>
  <testcase classname="HospitalPortalFlow.demo" name="main" time="0.875"/>
  <system-out/>
  <testcase classname="HospitalPortalFlow.demo" name="main" time="0.651"/>
  <system-out/>
  <testcase classname="HospitalPortalFlow.demo" name="main" time="0.833"/>
  <system-out/>
  <testcase classname="HospitalPortalFlow.demo" name="main" time="0.549"/>
  <system-out/>
  <testcase classname="HospitalPortalFlow.demo" name="main" time="0.831"/>
  <system-out/>
  <testcase classname="HospitalPortalFlow.demo" name="main" time="0.810"/>
  <system-out/>
  <testcase classname="HospitalPortalFlow.demo" name="main" time="0.759"/>
  <system-out/>
  <testcase classname="HospitalPortalFlow.demo" name="main" time="0.818"/>
  <system-out/>
  <testcase classname="HospitalPortalFlow.demo" name="main" time="0.728"/>
  <system-out/>
  <testcase classname="HospitalPortalFlow.demo" name="main" time="0.660"/>
  <system-out/>
  <testcase classname="HospitalPortalFlow.demo" name="main" time="3.888"/>
  <system-out/>
  <testcase classname="HospitalPortalFlow.demo" name="main" time="0.746"/>
  <system-out/>
  <testcase classname="HospitalPortalFlow.demo" name="main" time="0.612"/>
  <system-out/>
  <testcase classname="HospitalPortalFlow.demo" name="main" time="0.845"/>
  <system-out/>
  <testcase classname="HospitalPortalFlow.demo" name="main" time="0.872"/>
  <system-out/>
  <testcase classname="HospitalPortalFlow.demo" name="main" time="0.753"/>
  <system-out/>
  <testcase classname="HospitalPortalFlow.demo" name="main" time="0.650"/>
  <system-out/>
  <testcase classname="HospitalPortalFlow.demo" name="main" time="0.809"/>
  <system-out/>
  <testcase classname="HospitalPortalFlow.demo" name="main" time="2.170"/>
  <system-out/>
  <testcase classname="HospitalPortalFlow.demo" name="main" time="0.728"/>
  <system-out/>
  <testcase classname="HospitalPortalFlow.demo" name="main" time="1.008"/>
  <system-out/>
  <testcase classname="HospitalPortalFlow.demo" name="main" time="0.726"/>
  <system-out/>
  <testcase classname="HospitalPortalFlow.demo" name="main" time="0.815"/>
  <system-out/>
  <testcase classname="HospitalPortalFlow.demo" name="main" time="0.386"/>
  <system-out/>
  <testcase classname="HospitalPortalFlow.demo" name="main" time="0.831"/>
  <system-out/>
  <testcase classname="HospitalPortalFlow.demo" name="main" time="0.691"/>
  <system-out/>
  <testcase classname="HospitalPortalFlow.demo" name="main" time="0.692"/>
  <system-out/>
  <testcase classname="HospitalPortalFlow.demo" name="main" time="0.794"/>
  <system-out/>
  <testcase classname="HospitalPortalFlow.demo" name="main" time="0.508"/>
  <system-out/>
  <testcase classname="HospitalPortalFlow.demo" name="main" time="0.775"/>
  <system-out/>
  <testcase classname="HospitalPortalFlow.demo" name="main" time="0.689"/>
  <system-out/>
  <testcase classname="HospitalPortalFlow.demo" name="main" time="0.682"/>
  <system-out/>
  <testcase classname="HospitalPortalFlow.demo" name="main" time="0.827"/>
  <system-out/>
  <testcase classname="HospitalPortalFlow.demo" name="main" time="0.751"/>
  <system-out/>
  <testcase classname="HospitalPortalFlow.demo" name="main" time="0.909"/>
  <system-out/>
  <testcase classname="HospitalPortalFlow.demo" name="main" time="0.619"/>
  <system-out/>
  <testcase classname="HospitalPortalFlow.demo" name="main" time="0.687"/>
  <system-out/>
  <testcase classname="HospitalPortalFlow.demo" name="main" time="0.626"/>
  <system-out/>
  <testcase classname="HospitalPortalFlow.demo" name="main" time="0.796"/>
  <system-out/>
  <testcase classname="HospitalPortalFlow.demo" name="main" time="0.768"/>
  <system-out/>
  <testcase classname="HospitalPortalFlow.demo" name="main" time="0.678"/>
  <system-out/>
  <testcase classname="HospitalPortalFlow.demo" name="main" time="0.690"/>
  <system-out/>
  <testcase classname="HospitalPortalFlow.demo" name="main" time="0.987"/>
  <system-out/>
  <testcase classname="HospitalPortalFlow.demo" name="main" time="0.752"/>
  <system-out/>
  <testcase classname="HospitalPortalFlow.demo" name="main" time="0.594"/>
  <system-out/>
  <testcase classname="HospitalPortalFlow.demo" name="main" time="0.777"/>
  <system-out/>
  <testcase classname="HospitalPortalFlow.demo" name="main" time="0.434"/>
  <system-out/>
  <testcase classname="HospitalPortalFlow.demo" name="main" time="0.907"/>
  <system-out/>
  <testcase classname="HospitalPortalFlow.demo" name="main" time="0.779"/>
  <system-out/>
  <testcase classname="HospitalPortalFlow.demo" name="main" time="1.435"/>
  <system-out/>
  <testcase classname="HospitalPortalFlow.demo" name="main" time="0.678"/>
  <system-out/>
  <testcase classname="HospitalPortalFlow.demo" name="main" time="0.658"/>
  <system-out/>
  <testcase classname="HospitalPortalFlow.demo" name="main" time="0.646"/>
  <system-out/>
  <testcase classname="HospitalPortalFlow.demo" name="main" time="0.990"/>
  <system-out/>
  <testcase classname="HospitalPortalFlow.demo" name="main" time="0.766"/>
  <system-out/>
  <testcase classname="HospitalPortalFlow.demo" name="main" time="0.712"/>
  <system-out/>
  <testcase classname="HospitalPortalFlow.demo" name="main" time="0.978"/>
  <system-out/>
  <testcase classname="HospitalPortalFlow.demo" name="main" time="3.018"/>
  <system-out/>
  <testcase classname="HospitalPortalFlow.demo" name="main" time="0.748"/>
  <system-out/>
  <testcase classname="HospitalPortalFlow.demo" name="main" time="0.781"/>
  <system-out/>
  <testcase classname="HospitalPortalFlow.demo" name="main" time="0.901"/>
  <system-out/>
  <testcase classname="HospitalPortalFlow.demo" name="main" time="0.759"/>
  <system-out/>
  <testcase classname="HospitalPortalFlow.demo" name="main" time="0.793"/>
  <system-out/>
  <testcase classname="HospitalPortalFlow.demo" name="main" time="0.505"/>
  <system-out/>
  <testcase classname="HospitalPortalFlow.demo" name="main" time="0.687"/>
  <system-out/>
  <testcase classname="HospitalPortalFlow.demo" name="main" time="0.744"/>
  <system-out/>
  <testcase classname="HospitalPortalFlow.demo" name="main" time="0.415"/>
  <system-out/>
  <testcase classname="HospitalPortalFlow.demo" name="main" time="0.381"/>
  <system-out/>
  <testcase classname="HospitalPortalFlow.demo" name="main" time="2.335"/>
  <system-out/>
  <testcase classname="HospitalPortalFlow.demo" name="main" time="0.796"/>
  <system-out/>
  <testcase classname="HospitalPortalFlow.demo" name="main" time="0.887"/>
  <system-out/>
  <testcase classname="HospitalPortalFlow.demo" name="main" time="0.804"/>
  <system-out/>
  <testcase classname="HospitalPortalFlow.demo" name="main" time="0.753"/>
  <system-out/>
  <testcase classname="HospitalPortalFlow.demo" name="main" time="0.733"/>
  <system-out/>
  <testcase classname="HospitalPortalFlow.demo" name="main" time="0.874"/>
  <system-out/>
  <testcase classname="HospitalPortalFlow.demo" name="main" time="0.722"/>
  <system-out/>
  <testcase classname="HospitalPortalFlow.demo" name="main" time="0.685"/>
  <system-out/>
  <testcase classname="HospitalPortalFlow.demo" name="main" time="0.791"/>
  <system-out/>
  <testcase classname="HospitalPortalFlow.demo" name="main" time="0.743"/>
  <system-out/>
  <testcase classname="HospitalPortalFlow.demo" name="main" time="0.766"/>
  <system-out/>
  <testcase classname="HospitalPortalFlow.demo" name="main" time="0.843"/>
  <system-out/>
  <testcase classname="HospitalPortalFlow.demo" name="main" time="0.899"/>
  <system-out/>
</testsuite> <!-- HospitalPortalFlow.demo -->
